# JRE version: Java(TM) SE Runtime Environment (17.0.8+9) (build 17.0.8+9-LTS-211)
# Java VM: Java HotSpot(TM) 64-Bit Server VM (17.0.8+9-LTS-211, mixed mode, sharing, tiered, compressed oops, compressed class ptrs, g1 gc, windows-amd64)
GC Precious Log:
 CPUs: 12 total, 12 available
 Memory: 16300M
 Large Page Support: Disabled
 NUMA Support: Disabled
 Compressed Oops: Enabled (Zero based)
 Heap Region Size: 2M
 Heap Min Capacity: 8M
 Heap Initial Capacity: 256M
 Heap Max Capacity: 4076M
 Pre-touch: Disabled
 Parallel Workers: 10
 Concurrent Workers: 3
 Concurrent Refinement Workers: 10
 Periodic GC: Disabled
Heap:
 garbage-first heap   total 229376K, used 165215K [0x0000000701400000, 0x0000000800000000)
  region size 2048K, 22 young (45056K), 3 survivors (6144K)
 Metaspace       used 83331K, committed 83840K, reserved 1179648K
  class space    used 11041K, committed 11264K, reserved 1048576K
GC Heap History (20 events):
Event: 152.611 GC heap before
{Heap before GC invocations=134 (full 0):
 garbage-first heap   total 202752K, used 172628K [0x0000000701400000, 0x0000000800000000)
  region size 2048K, 32 young (65536K), 3 survivors (6144K)
 Metaspace       used 83324K, committed 83840K, reserved 1179648K
  class space    used 11037K, committed 11264K, reserved 1048576K
}
Event: 152.613 GC heap after
{Heap after GC invocations=135 (full 0):
 garbage-first heap   total 202752K, used 117010K [0x0000000701400000, 0x0000000800000000)
  region size 2048K, 3 young (6144K), 3 survivors (6144K)
 Metaspace       used 83324K, committed 83840K, reserved 1179648K
  class space    used 11037K, committed 11264K, reserved 1048576K
}
Event: 153.927 GC heap before
{Heap before GC invocations=136 (full 0):
 garbage-first heap   total 202752K, used 172306K [0x0000000701400000, 0x0000000800000000)
  region size 2048K, 31 young (63488K), 3 survivors (6144K)
 Metaspace       used 83325K, committed 83840K, reserved 1179648K
  class space    used 11038K, committed 11264K, reserved 1048576K
}
Event: 153.929 GC heap after
{Heap after GC invocations=137 (full 0):
 garbage-first heap   total 202752K, used 118409K [0x0000000701400000, 0x0000000800000000)
  region size 2048K, 3 young (6144K), 3 survivors (6144K)
 Metaspace       used 83325K, committed 83840K, reserved 1179648K
  class space    used 11038K, committed 11264K, reserved 1048576K
}
Event: 155.046 GC heap before
{Heap before GC invocations=137 (full 0):
 garbage-first heap   total 202752K, used 171657K [0x0000000701400000, 0x0000000800000000)
  region size 2048K, 30 young (61440K), 3 survivors (6144K)
 Metaspace       used 83327K, committed 83840K, reserved 1179648K
  class space    used 11038K, committed 11264K, reserved 1048576K
}
Event: 155.048 GC heap after
{Heap after GC invocations=138 (full 0):
 garbage-first heap   total 202752K, used 119882K [0x0000000701400000, 0x0000000800000000)
  region size 2048K, 3 young (6144K), 3 survivors (6144K)
 Metaspace       used 83327K, committed 83840K, reserved 1179648K
  class space    used 11038K, committed 11264K, reserved 1048576K
}
Event: 155.996 GC heap before
{Heap before GC invocations=139 (full 0):
 garbage-first heap   total 208896K, used 171082K [0x0000000701400000, 0x0000000800000000)
  region size 2048K, 29 young (59392K), 3 survivors (6144K)
 Metaspace       used 83327K, committed 83840K, reserved 1179648K
  class space    used 11038K, committed 11264K, reserved 1048576K
}
Event: 155.998 GC heap after
{Heap after GC invocations=140 (full 0):
 garbage-first heap   total 208896K, used 121246K [0x0000000701400000, 0x0000000800000000)
  region size 2048K, 3 young (6144K), 3 survivors (6144K)
 Metaspace       used 83327K, committed 83840K, reserved 1179648K
  class space    used 11038K, committed 11264K, reserved 1048576K
}
Event: 156.842 GC heap before
{Heap before GC invocations=140 (full 0):
 garbage-first heap   total 208896K, used 174494K [0x0000000701400000, 0x0000000800000000)
  region size 2048K, 30 young (61440K), 3 survivors (6144K)
 Metaspace       used 83327K, committed 83840K, reserved 1179648K
  class space    used 11038K, committed 11264K, reserved 1048576K
}
Event: 156.844 GC heap after
{Heap after GC invocations=141 (full 0):
 garbage-first heap   total 208896K, used 122661K [0x0000000701400000, 0x0000000800000000)
  region size 2048K, 3 young (6144K), 3 survivors (6144K)
 Metaspace       used 83327K, committed 83840K, reserved 1179648K
  class space    used 11038K, committed 11264K, reserved 1048576K
}
Event: 157.602 GC heap before
{Heap before GC invocations=142 (full 0):
 garbage-first heap   total 219136K, used 173861K [0x0000000701400000, 0x0000000800000000)
  region size 2048K, 29 young (59392K), 3 survivors (6144K)
 Metaspace       used 83328K, committed 83840K, reserved 1179648K
  class space    used 11038K, committed 11264K, reserved 1048576K
}
Event: 157.604 GC heap after
{Heap after GC invocations=143 (full 0):
 garbage-first heap   total 219136K, used 123966K [0x0000000701400000, 0x0000000800000000)
  region size 2048K, 3 young (6144K), 3 survivors (6144K)
 Metaspace       used 83328K, committed 83840K, reserved 1179648K
  class space    used 11038K, committed 11264K, reserved 1048576K
}
Event: 158.403 GC heap before
{Heap before GC invocations=143 (full 0):
 garbage-first heap   total 219136K, used 185406K [0x0000000701400000, 0x0000000800000000)
  region size 2048K, 34 young (69632K), 3 survivors (6144K)
 Metaspace       used 83329K, committed 83840K, reserved 1179648K
  class space    used 11039K, committed 11264K, reserved 1048576K
}
Event: 158.405 GC heap after
{Heap after GC invocations=144 (full 0):
 garbage-first heap   total 219136K, used 125718K [0x0000000701400000, 0x0000000800000000)
  region size 2048K, 3 young (6144K), 3 survivors (6144K)
 Metaspace       used 83329K, committed 83840K, reserved 1179648K
  class space    used 11039K, committed 11264K, reserved 1048576K
}
Event: 159.254 GC heap before
{Heap before GC invocations=145 (full 0):
 garbage-first heap   total 219136K, used 187158K [0x0000000701400000, 0x0000000800000000)
  region size 2048K, 34 young (69632K), 3 survivors (6144K)
 Metaspace       used 83329K, committed 83840K, reserved 1179648K
  class space    used 11039K, committed 11264K, reserved 1048576K
}
Event: 159.256 GC heap after
{Heap after GC invocations=146 (full 0):
 garbage-first heap   total 219136K, used 127359K [0x0000000701400000, 0x0000000800000000)
  region size 2048K, 4 young (8192K), 4 survivors (8192K)
 Metaspace       used 83329K, committed 83840K, reserved 1179648K
  class space    used 11039K, committed 11264K, reserved 1048576K
}
Event: 159.980 GC heap before
{Heap before GC invocations=146 (full 0):
 garbage-first heap   total 219136K, used 182655K [0x0000000701400000, 0x0000000800000000)
  region size 2048K, 32 young (65536K), 4 survivors (8192K)
 Metaspace       used 83329K, committed 83840K, reserved 1179648K
  class space    used 11039K, committed 11264K, reserved 1048576K
}
Event: 159.982 GC heap after
{Heap after GC invocations=147 (full 0):
 garbage-first heap   total 219136K, used 128629K [0x0000000701400000, 0x0000000800000000)
  region size 2048K, 3 young (6144K), 3 survivors (6144K)
 Metaspace       used 83329K, committed 83840K, reserved 1179648K
  class space    used 11039K, committed 11264K, reserved 1048576K
}
Event: 160.729 GC heap before
{Heap before GC invocations=148 (full 0):
 garbage-first heap   total 229376K, used 185973K [0x0000000701400000, 0x0000000800000000)
  region size 2048K, 31 young (63488K), 3 survivors (6144K)
 Metaspace       used 83329K, committed 83840K, reserved 1179648K
  class space    used 11039K, committed 11264K, reserved 1048576K
}
Event: 160.734 GC heap after
{Heap after GC invocations=149 (full 0):
 garbage-first heap   total 229376K, used 130399K [0x0000000701400000, 0x0000000800000000)
  region size 2048K, 3 young (6144K), 3 survivors (6144K)
 Metaspace       used 83329K, committed 83840K, reserved 1179648K
  class space    used 11039K, committed 11264K, reserved 1048576K
}

